2005.07.24 03:26 B C:\Inetpub\wwwroot\admin\htmlarea\images\ed_about.gif --> win3.0web-hosting.com /travelfu/travel.g2gm.net/admin/htmlarea/images ed_about.gif
2005.07.24 03:26 B C:\Inetpub\wwwroot\admin\htmlarea\images\ed_align_center.gif --> win3.0web-hosting.com /travelfu/travel.g2gm.net/admin/htmlarea/images ed_align_center.gif
2005.07.24 03:26 B C:\Inetpub\wwwroot\admin\htmlarea\images\ed_align_left.gif --> win3.0web-hosting.com /travelfu/travel.g2gm.net/admin/htmlarea/images ed_align_left.gif
2005.07.24 03:26 B C:\Inetpub\wwwroot\admin\htmlarea\images\ed_align_right.gif --> win3.0web-hosting.com /travelfu/travel.g2gm.net/admin/htmlarea/images ed_align_right.gif
2005.07.24 03:26 B C:\Inetpub\wwwroot\admin\htmlarea\images\ed_blank.gif --> win3.0web-hosting.com /travelfu/travel.g2gm.net/admin/htmlarea/images ed_blank.gif
2005.07.24 03:26 B C:\Inetpub\wwwroot\admin\htmlarea\images\ed_cellprop.gif --> win3.0web-hosting.com /travelfu/travel.g2gm.net/admin/htmlarea/images ed_cellprop.gif
2005.07.24 03:26 B C:\Inetpub\wwwroot\admin\htmlarea\images\ed_charmap.gif --> win3.0web-hosting.com /travelfu/travel.g2gm.net/admin/htmlarea/images ed_charmap.gif
2005.07.24 03:26 B C:\Inetpub\wwwroot\admin\htmlarea\images\ed_color_bg.gif --> win3.0web-hosting.com /travelfu/travel.g2gm.net/admin/htmlarea/images ed_color_bg.gif
2005.07.24 03:26 B C:\Inetpub\wwwroot\admin\htmlarea\images\ed_color_fg.gif --> win3.0web-hosting.com /travelfu/travel.g2gm.net/admin/htmlarea/images ed_color_fg.gif
2005.07.24 03:26 B C:\Inetpub\wwwroot\admin\htmlarea\images\ed_copy.gif --> win3.0web-hosting.com /travelfu/travel.g2gm.net/admin/htmlarea/images ed_copy.gif
2005.07.24 03:26 B C:\Inetpub\wwwroot\admin\htmlarea\images\ed_custom.gif --> win3.0web-hosting.com /travelfu/travel.g2gm.net/admin/htmlarea/images ed_custom.gif
2005.07.24 03:26 B C:\Inetpub\wwwroot\admin\htmlarea\images\ed_cut.gif --> win3.0web-hosting.com /travelfu/travel.g2gm.net/admin/htmlarea/images ed_cut.gif
2005.07.24 03:27 B C:\Inetpub\wwwroot\admin\htmlarea\images\ed_delcel.gif --> win3.0web-hosting.com /travelfu/travel.g2gm.net/admin/htmlarea/images ed_delcel.gif
2005.07.24 03:27 B C:\Inetpub\wwwroot\admin\htmlarea\images\ed_delcol.gif --> win3.0web-hosting.com /travelfu/travel.g2gm.net/admin/htmlarea/images ed_delcol.gif
2005.07.24 03:27 B C:\Inetpub\wwwroot\admin\htmlarea\images\ed_delete.gif --> win3.0web-hosting.com /travelfu/travel.g2gm.net/admin/htmlarea/images ed_delete.gif
2005.07.24 03:27 B C:\Inetpub\wwwroot\admin\htmlarea\images\ed_delrow.gif --> win3.0web-hosting.com /travelfu/travel.g2gm.net/admin/htmlarea/images ed_delrow.gif
2005.07.24 03:27 B C:\Inetpub\wwwroot\admin\htmlarea\images\ed_find.gif --> win3.0web-hosting.com /travelfu/travel.g2gm.net/admin/htmlarea/images ed_find.gif
2005.07.24 03:27 B C:\Inetpub\wwwroot\admin\htmlarea\images\ed_format_bold.gif --> win3.0web-hosting.com /travelfu/travel.g2gm.net/admin/htmlarea/images ed_format_bold.gif
2005.07.24 03:27 B C:\Inetpub\wwwroot\admin\htmlarea\images\ed_format_italic.gif --> win3.0web-hosting.com /travelfu/travel.g2gm.net/admin/htmlarea/images ed_format_italic.gif
2005.07.24 03:27 B C:\Inetpub\wwwroot\admin\htmlarea\images\ed_format_strike.gif --> win3.0web-hosting.com /travelfu/travel.g2gm.net/admin/htmlarea/images ed_format_strike.gif
2005.07.24 03:27 B C:\Inetpub\wwwroot\admin\htmlarea\images\ed_format_sub.gif --> win3.0web-hosting.com /travelfu/travel.g2gm.net/admin/htmlarea/images ed_format_sub.gif
2005.07.24 03:27 B C:\Inetpub\wwwroot\admin\htmlarea\images\ed_format_sup.gif --> win3.0web-hosting.com /travelfu/travel.g2gm.net/admin/htmlarea/images ed_format_sup.gif
2005.07.24 03:27 B C:\Inetpub\wwwroot\admin\htmlarea\images\ed_format_underline.gif --> win3.0web-hosting.com /travelfu/travel.g2gm.net/admin/htmlarea/images ed_format_underline.gif
2005.07.24 03:27 B C:\Inetpub\wwwroot\admin\htmlarea\images\ed_help.gif --> win3.0web-hosting.com /travelfu/travel.g2gm.net/admin/htmlarea/images ed_help.gif
2005.07.24 03:27 B C:\Inetpub\wwwroot\admin\htmlarea\images\ed_hr.gif --> win3.0web-hosting.com /travelfu/travel.g2gm.net/admin/htmlarea/images ed_hr.gif
2005.07.24 03:27 B C:\Inetpub\wwwroot\admin\htmlarea\images\ed_html.gif --> win3.0web-hosting.com /travelfu/travel.g2gm.net/admin/htmlarea/images ed_html.gif
2005.07.24 03:27 B C:\Inetpub\wwwroot\admin\htmlarea\images\ed_image.gif --> win3.0web-hosting.com /travelfu/travel.g2gm.net/admin/htmlarea/images ed_image.gif
2005.07.24 03:27 B C:\Inetpub\wwwroot\admin\htmlarea\images\ed_indent_less.gif --> win3.0web-hosting.com /travelfu/travel.g2gm.net/admin/htmlarea/images ed_indent_less.gif
2005.07.24 03:27 B C:\Inetpub\wwwroot\admin\htmlarea\images\ed_indent_more.gif --> win3.0web-hosting.com /travelfu/travel.g2gm.net/admin/htmlarea/images ed_indent_more.gif
2005.07.24 03:27 B C:\Inetpub\wwwroot\admin\htmlarea\images\ed_insabove.gif --> win3.0web-hosting.com /travelfu/travel.g2gm.net/admin/htmlarea/images ed_insabove.gif
2005.07.24 03:27 B C:\Inetpub\wwwroot\admin\htmlarea\images\ed_inscellft.gif --> win3.0web-hosting.com /travelfu/travel.g2gm.net/admin/htmlarea/images ed_inscellft.gif
2005.07.24 03:28 B C:\Inetpub\wwwroot\admin\htmlarea\images\ed_inscelrgt.gif --> win3.0web-hosting.com /travelfu/travel.g2gm.net/admin/htmlarea/images ed_inscelrgt.gif
2005.07.24 03:28 B C:\Inetpub\wwwroot\admin\htmlarea\images\ed_insleft.gif --> win3.0web-hosting.com /travelfu/travel.g2gm.net/admin/htmlarea/images ed_insleft.gif
2005.07.24 03:28 B C:\Inetpub\wwwroot\admin\htmlarea\images\ed_insright.gif --> win3.0web-hosting.com /travelfu/travel.g2gm.net/admin/htmlarea/images ed_insright.gif
2005.07.24 03:28 B C:\Inetpub\wwwroot\admin\htmlarea\images\ed_insunder.gif --> win3.0web-hosting.com /travelfu/travel.g2gm.net/admin/htmlarea/images ed_insunder.gif
2005.07.24 03:28 B C:\Inetpub\wwwroot\admin\htmlarea\images\ed_link.gif --> win3.0web-hosting.com /travelfu/travel.g2gm.net/admin/htmlarea/images ed_link.gif
2005.07.24 03:28 B C:\Inetpub\wwwroot\admin\htmlarea\images\ed_list_bullet.gif --> win3.0web-hosting.com /travelfu/travel.g2gm.net/admin/htmlarea/images ed_list_bullet.gif
2005.07.24 03:28 B C:\Inetpub\wwwroot\admin\htmlarea\images\ed_list_num.gif --> win3.0web-hosting.com /travelfu/travel.g2gm.net/admin/htmlarea/images ed_list_num.gif
2005.07.24 03:28 B C:\Inetpub\wwwroot\admin\htmlarea\images\ed_maxidvd.gif --> win3.0web-hosting.com /travelfu/travel.g2gm.net/admin/htmlarea/images ed_maxidvd.gif
2005.07.24 03:28 B C:\Inetpub\wwwroot\admin\htmlarea\images\ed_mergecels.gif --> win3.0web-hosting.com /travelfu/travel.g2gm.net/admin/htmlarea/images ed_mergecels.gif
2005.07.24 03:28 B C:\Inetpub\wwwroot\admin\htmlarea\images\ed_mergerows.gif --> win3.0web-hosting.com /travelfu/travel.g2gm.net/admin/htmlarea/images ed_mergerows.gif
2005.07.24 03:28 B C:\Inetpub\wwwroot\admin\htmlarea\images\ed_new.gif --> win3.0web-hosting.com /travelfu/travel.g2gm.net/admin/htmlarea/images ed_new.gif
2005.07.24 03:28 B C:\Inetpub\wwwroot\admin\htmlarea\images\ed_paste.gif --> win3.0web-hosting.com /travelfu/travel.g2gm.net/admin/htmlarea/images ed_paste.gif
2005.07.24 03:28 B C:\Inetpub\wwwroot\admin\htmlarea\images\ed_preview.gif --> win3.0web-hosting.com /travelfu/travel.g2gm.net/admin/htmlarea/images ed_preview.gif
2005.07.24 03:28 B C:\Inetpub\wwwroot\admin\htmlarea\images\ed_print.gif --> win3.0web-hosting.com /travelfu/travel.g2gm.net/admin/htmlarea/images ed_print.gif
2005.07.24 03:28 B C:\Inetpub\wwwroot\admin\htmlarea\images\ed_redo.gif --> win3.0web-hosting.com /travelfu/travel.g2gm.net/admin/htmlarea/images ed_redo.gif
2005.07.24 03:28 B C:\Inetpub\wwwroot\admin\htmlarea\images\ed_rowprop.gif --> win3.0web-hosting.com /travelfu/travel.g2gm.net/admin/htmlarea/images ed_rowprop.gif
2005.07.24 03:28 B C:\Inetpub\wwwroot\admin\htmlarea\images\ed_save.gif --> win3.0web-hosting.com /travelfu/travel.g2gm.net/admin/htmlarea/images ed_save.gif
2005.07.24 03:28 B C:\Inetpub\wwwroot\admin\htmlarea\images\ed_show_border.gif --> win3.0web-hosting.com /travelfu/travel.g2gm.net/admin/htmlarea/images ed_show_border.gif
2005.07.24 03:28 B C:\Inetpub\wwwroot\admin\htmlarea\images\ed_spec_char.gif --> win3.0web-hosting.com /travelfu/travel.g2gm.net/admin/htmlarea/images ed_spec_char.gif
2005.07.24 03:28 B C:\Inetpub\wwwroot\admin\htmlarea\images\ed_splitcel.gif --> win3.0web-hosting.com /travelfu/travel.g2gm.net/admin/htmlarea/images ed_splitcel.gif
2005.07.24 03:28 B C:\Inetpub\wwwroot\admin\htmlarea\images\ed_splitrow.gif --> win3.0web-hosting.com /travelfu/travel.g2gm.net/admin/htmlarea/images ed_splitrow.gif
2005.07.24 03:28 B C:\Inetpub\wwwroot\admin\htmlarea\images\ed_table.gif --> win3.0web-hosting.com /travelfu/travel.g2gm.net/admin/htmlarea/images ed_table.gif
2005.07.24 03:28 B C:\Inetpub\wwwroot\admin\htmlarea\images\ed_tableprop.gif --> win3.0web-hosting.com /travelfu/travel.g2gm.net/admin/htmlarea/images ed_tableprop.gif
2005.07.24 03:29 B C:\Inetpub\wwwroot\admin\htmlarea\images\ed_undo.gif --> win3.0web-hosting.com /travelfu/travel.g2gm.net/admin/htmlarea/images ed_undo.gif
2005.07.24 03:29 B C:\Inetpub\wwwroot\admin\htmlarea\images\ed_upload.gif --> win3.0web-hosting.com /travelfu/travel.g2gm.net/admin/htmlarea/images ed_upload.gif
2005.07.24 03:29 B C:\Inetpub\wwwroot\admin\htmlarea\images\fullscreen_maximize.gif --> win3.0web-hosting.com /travelfu/travel.g2gm.net/admin/htmlarea/images fullscreen_maximize.gif
2005.07.24 03:29 B C:\Inetpub\wwwroot\admin\htmlarea\images\fullscreen_minimize.gif --> win3.0web-hosting.com /travelfu/travel.g2gm.net/admin/htmlarea/images fullscreen_minimize.gif
2005.07.24 03:29 B C:\Inetpub\wwwroot\admin\htmlarea\images\insert_table.gif --> win3.0web-hosting.com /travelfu/travel.g2gm.net/admin/htmlarea/images insert_table.gif
2005.07.24 03:31 B C:\Inetpub\wwwroot\admin\htmlarea\images\Thumbs.db --> win3.0web-hosting.com /travelfu/travel.g2gm.net/admin/htmlarea/images Thumbs.db
