2005.07.24 03:44 B C:\Inetpub\wwwroot\admin\htmlarea\popups\about.html --> win3.0web-hosting.com /travelfu/travel.g2gm.net/admin/htmlarea/popups about.html
2005.07.24 03:44 B C:\Inetpub\wwwroot\admin\htmlarea\popups\blank.html --> win3.0web-hosting.com /travelfu/travel.g2gm.net/admin/htmlarea/popups blank.html
2005.07.24 03:44 B C:\Inetpub\wwwroot\admin\htmlarea\popups\bmp.gif --> win3.0web-hosting.com /travelfu/travel.g2gm.net/admin/htmlarea/popups bmp.gif
2005.07.24 03:45 B C:\Inetpub\wwwroot\admin\htmlarea\popups\cellprop.html --> win3.0web-hosting.com /travelfu/travel.g2gm.net/admin/htmlarea/popups cellprop.html
2005.07.24 03:45 B C:\Inetpub\wwwroot\admin\htmlarea\popups\cellpropold.html --> win3.0web-hosting.com /travelfu/travel.g2gm.net/admin/htmlarea/popups cellpropold.html
2005.07.24 03:45 B C:\Inetpub\wwwroot\admin\htmlarea\popups\closed.gif --> win3.0web-hosting.com /travelfu/travel.g2gm.net/admin/htmlarea/popups closed.gif
2005.07.24 03:45 B C:\Inetpub\wwwroot\admin\htmlarea\popups\config.inc.php --> win3.0web-hosting.com /travelfu/travel.g2gm.net/admin/htmlarea/popups config.inc.php
2005.07.24 03:45 B C:\Inetpub\wwwroot\admin\htmlarea\popups\custom2.html --> win3.0web-hosting.com /travelfu/travel.g2gm.net/admin/htmlarea/popups custom2.html
2005.07.24 03:45 B C:\Inetpub\wwwroot\admin\htmlarea\popups\dpi.gif --> win3.0web-hosting.com /travelfu/travel.g2gm.net/admin/htmlarea/popups dpi.gif
2005.07.24 03:45 B C:\Inetpub\wwwroot\admin\htmlarea\popups\editor-insertlink.js --> win3.0web-hosting.com /travelfu/travel.g2gm.net/admin/htmlarea/popups editor-insertlink.js
2005.07.24 03:45 B C:\Inetpub\wwwroot\admin\htmlarea\popups\editor_help.html --> win3.0web-hosting.com /travelfu/travel.g2gm.net/admin/htmlarea/popups editor_help.html
2005.07.24 03:45 B C:\Inetpub\wwwroot\admin\htmlarea\popups\find.html --> win3.0web-hosting.com /travelfu/travel.g2gm.net/admin/htmlarea/popups find.html
2005.07.24 03:46 B C:\Inetpub\wwwroot\admin\htmlarea\popups\fullscreen.html --> win3.0web-hosting.com /travelfu/travel.g2gm.net/admin/htmlarea/popups fullscreen.html
2005.07.24 03:46 B C:\Inetpub\wwwroot\admin\htmlarea\popups\fullscreen_advanced.html --> win3.0web-hosting.com /travelfu/travel.g2gm.net/admin/htmlarea/popups fullscreen_advanced.html
2005.07.24 03:46 B C:\Inetpub\wwwroot\admin\htmlarea\popups\fullscreen_basic.html --> win3.0web-hosting.com /travelfu/travel.g2gm.net/admin/htmlarea/popups fullscreen_basic.html
2005.07.24 03:46 B C:\Inetpub\wwwroot\admin\htmlarea\popups\gif.gif --> win3.0web-hosting.com /travelfu/travel.g2gm.net/admin/htmlarea/popups gif.gif
2005.07.24 03:46 B C:\Inetpub\wwwroot\admin\htmlarea\popups\indent.gif --> win3.0web-hosting.com /travelfu/travel.g2gm.net/admin/htmlarea/popups indent.gif
2005.07.24 03:46 B C:\Inetpub\wwwroot\admin\htmlarea\popups\insert_char.html --> win3.0web-hosting.com /travelfu/travel.g2gm.net/admin/htmlarea/popups insert_char.html
2005.07.24 03:47 B C:\Inetpub\wwwroot\admin\htmlarea\popups\insert_image.html --> win3.0web-hosting.com /travelfu/travel.g2gm.net/admin/htmlarea/popups insert_image.html
2005.07.24 03:47 B C:\Inetpub\wwwroot\admin\htmlarea\popups\insert_link.html --> win3.0web-hosting.com /travelfu/travel.g2gm.net/admin/htmlarea/popups insert_link.html
2005.07.24 03:47 B C:\Inetpub\wwwroot\admin\htmlarea\popups\insert_table.html --> win3.0web-hosting.com /travelfu/travel.g2gm.net/admin/htmlarea/popups insert_table.html
2005.07.24 03:47 B C:\Inetpub\wwwroot\admin\htmlarea\popups\insert_table_basic.html --> win3.0web-hosting.com /travelfu/travel.g2gm.net/admin/htmlarea/popups insert_table_basic.html
2005.07.24 03:47 B C:\Inetpub\wwwroot\admin\htmlarea\popups\jpg.gif --> win3.0web-hosting.com /travelfu/travel.g2gm.net/admin/htmlarea/popups jpg.gif
2005.07.24 03:47 B C:\Inetpub\wwwroot\admin\htmlarea\popups\lister.php --> win3.0web-hosting.com /travelfu/travel.g2gm.net/admin/htmlarea/popups lister.php
2005.07.24 03:47 B C:\Inetpub\wwwroot\admin\htmlarea\popups\opened.gif --> win3.0web-hosting.com /travelfu/travel.g2gm.net/admin/htmlarea/popups opened.gif
2005.07.24 03:47 B C:\Inetpub\wwwroot\admin\htmlarea\popups\ORIGINAL_config.inc.php --> win3.0web-hosting.com /travelfu/travel.g2gm.net/admin/htmlarea/popups ORIGINAL_config.inc.php
2005.07.24 03:47 B C:\Inetpub\wwwroot\admin\htmlarea\popups\png.gif --> win3.0web-hosting.com /travelfu/travel.g2gm.net/admin/htmlarea/popups png.gif
2005.07.24 03:47 B C:\Inetpub\wwwroot\admin\htmlarea\popups\readme.txt --> win3.0web-hosting.com /travelfu/travel.g2gm.net/admin/htmlarea/popups readme.txt
2005.07.24 03:48 B C:\Inetpub\wwwroot\admin\htmlarea\popups\rowprop.html --> win3.0web-hosting.com /travelfu/travel.g2gm.net/admin/htmlarea/popups rowprop.html
2005.07.24 03:48 B C:\Inetpub\wwwroot\admin\htmlarea\popups\select_color.html --> win3.0web-hosting.com /travelfu/travel.g2gm.net/admin/htmlarea/popups select_color.html
2005.07.24 03:49 B C:\Inetpub\wwwroot\admin\htmlarea\popups\set_color.html --> win3.0web-hosting.com /travelfu/travel.g2gm.net/admin/htmlarea/popups set_color.html
2005.07.24 03:49 B C:\Inetpub\wwwroot\admin\htmlarea\popups\tableprop.html --> win3.0web-hosting.com /travelfu/travel.g2gm.net/admin/htmlarea/popups tableprop.html
2005.07.24 03:49 B C:\Inetpub\wwwroot\admin\htmlarea\popups\viewer.php --> win3.0web-hosting.com /travelfu/travel.g2gm.net/admin/htmlarea/popups viewer.php
2005.07.24 03:49 B C:\Inetpub\wwwroot\admin\htmlarea\popups\wmf.gif --> win3.0web-hosting.com /travelfu/travel.g2gm.net/admin/htmlarea/popups wmf.gif
